<?xml version="1.0" encoding="UTF-8"?>
<testsuite xmlns:xsi="http://www.w3.org/2001/XMLSchema-instance" xsi:noNamespaceSchemaLocation="https://maven.apache.org/surefire/maven-surefire-plugin/xsd/surefire-test-report-3.0.xsd" version="3.0" name="com.Aseco.CoinMachine.CoinMachineApplicationTests" time="1.443" tests="1" errors="0" skipped="0" failures="0">
  <properties>
[...]
</properties>
  <testcase name="testCountOccurrences" classname="com.Aseco.CoinMachine.CoinMachineApplicationTests" time="0.517">
    <system-out><![CDATA[
  .   ____          _            __ _ _
 /\\ / ___'_ __ _ _(_)_ __  __ _ \ \ \ \
( ( )\___ | '_ | '_| | '_ \/ _` | \ \ \ \
 \\/  ___)| |_)| | | | | || (_| |  ) ) ) )
  '  |____| .__|_| |_|_| |_\__, | / / / /
 =========|_|==============|___/=/_/_/_/
 :: Spring Boot ::                (v3.2.3)

2024-03-15T13:18:38.343Z  INFO 82090 --- [CoinMachine] [           main] c.A.C.CoinMachineApplicationTests        : Starting CoinMachineApplicationTests using Java 21.0.2 with PID 82090 (started by otorrado in /Users/otorrado/Desktop/AsecoGithub)
2024-03-15T13:18:38.344Z  INFO 82090 --- [CoinMachine] [           main] c.A.C.CoinMachineApplicationTests        : No active profile set, falling back to 1 default profile: "default"
2024-03-15T13:18:38.927Z  INFO 82090 --- [CoinMachine] [           main] o.s.b.t.m.w.SpringBootMockServletContext : Initializing Spring TestDispatcherServlet ''
2024-03-15T13:18:38.927Z  INFO 82090 --- [CoinMachine] [           main] o.s.t.web.servlet.TestDispatcherServlet  : Initializing Servlet ''
2024-03-15T13:18:38.928Z  INFO 82090 --- [CoinMachine] [           main] o.s.t.web.servlet.TestDispatcherServlet  : Completed initialization in 1 ms
2024-03-15T13:18:38.969Z  INFO 82090 --- [CoinMachine] [           main] c.A.C.CoinMachineApplicationTests        : Started CoinMachineApplicationTests in 0.741 seconds (process running for 1.182)
]]></system-out>
    <system-err><![CDATA[WARNING: A Java agent has been loaded dynamically (/Users/otorrado/.m2/repository/net/bytebuddy/byte-buddy-agent/1.14.12/byte-buddy-agent-1.14.12.jar)
WARNING: If a serviceability tool is in use, please run with -XX:+EnableDynamicAgentLoading to hide this warning
WARNING: If a serviceability tool is not in use, please run with -Djdk.instrument.traceUsage for more information
WARNING: Dynamic loading of agents will be disallowed by default in a future release
]]></system-err>
  </testcase>
</testsuite>